<?xml version="1.0" encoding="UTF-8"?>
<!-- Generated by org.testng.reporters.JUnitXMLReporter -->
<testsuite ignored="2" hostname="MSI" failures="0" tests="1" name="Default test" time="42.387" errors="0" timestamp="2023-05-18T18:42:33 EDT">
  <testcase classname="training.tests.PlaceOrderTests" name="verofyOrder" time="32.85"/>
  <testcase classname="training.tests.PlaceOrderTests" name="wrongProductName" time="0.0">
    <ignored/>
  </testcase> <!-- wrongProductName -->
  <testcase classname="training.tests.PlaceOrderTests" name="submitOrder" time="0.0">
    <ignored/>
  </testcase> <!-- submitOrder -->
</testsuite> <!-- Default test -->
