<?xml version="1.0" encoding="UTF-8"?>
<!-- Generated by org.testng.reporters.JUnitXMLReporter -->
<testsuite ignored="0" hostname="MSI" failures="2" tests="2" name="Place Order Tests" time="10.442" errors="0" timestamp="2023-05-18T17:38:47 EDT">
  <testcase classname="training.tests.PlaceOrderTests" name="submitOrder" time="2.763">
    <failure type="java.lang.NullPointerException" message="Cannot invoke &amp;quot;training.pageobjects.LandingPage.logInSecuence(String, String)&amp;quot; because &amp;quot;this.landing&amp;quot; is null">
      <![CDATA[java.lang.NullPointerException: Cannot invoke "training.pageobjects.LandingPage.logInSecuence(String, String)" because "this.landing" is null
at training.tests.PlaceOrderTests.submitOrder(PlaceOrderTests.java:22)
at java.base/java.util.ArrayList.forEach(ArrayList.java:1511)
... Removed 25 stack frames]]>
    </failure>
  </testcase> <!-- submitOrder -->
  <testcase classname="training.tests.PlaceOrderTests" name="wrongProductName" time="0.043">
    <failure type="java.lang.NullPointerException" message="Cannot invoke &amp;quot;training.pageobjects.LandingPage.logInSecuence(String, String)&amp;quot; because &amp;quot;this.landing&amp;quot; is null">
      <![CDATA[java.lang.NullPointerException: Cannot invoke "training.pageobjects.LandingPage.logInSecuence(String, String)" because "this.landing" is null
at training.tests.PlaceOrderTests.wrongProductName(PlaceOrderTests.java:42)
at java.base/java.util.ArrayList.forEach(ArrayList.java:1511)
... Removed 25 stack frames]]>
    </failure>
  </testcase> <!-- wrongProductName -->
</testsuite> <!-- Place Order Tests -->
